Using pre-set license
Built from '2020.3/staging' branch; Version is '2020.3.25f1 (9b9180224418) revision 10195328'; Using compiler version '192528614'; Build Type 'Release'
OS: 'Windows 10  (10.0.19044) 64bit Core' Language: 'en' Physical Memory: 32718 MB
BatchMode: 1, IsHumanControllingUs: 0, StartBugReporterOnCrash: 0, Is64bit: 1, IsPro: 0

COMMAND LINE ARGUMENTS:
C:\Program Files\Unity\Hub\Editor\2020.3.25f1\Editor\Unity.exe
-adb2
-batchMode
-noUpm
-name
AssetImportWorker0
-projectPath
C:/Users/kmcco/Desktop/SteelLove/SteelLove
-logFile
Logs/AssetImportWorker0.log
-srvPort
52406
Successfully changed project path to: C:/Users/kmcco/Desktop/SteelLove/SteelLove
C:/Users/kmcco/Desktop/SteelLove/SteelLove
Using Asset Import Pipeline V2.
Refreshing native plugins compatible for Editor in 70.02 ms, found 3 plugins.
Preloading 0 native plugins for Editor in 0.00 ms.
Initialize engine version: 2020.3.25f1 (9b9180224418)
[Subsystems] Discovering subsystems at path C:/Program Files/Unity/Hub/Editor/2020.3.25f1/Editor/Data/Resources/UnitySubsystems
[Subsystems] Discovering subsystems at path C:/Users/kmcco/Desktop/SteelLove/SteelLove/Assets
GfxDevice: creating device client; threaded=0
Direct3D:
    Version:  Direct3D 11.0 [level 11.1]
    Renderer: AMD Radeon RX 5700 (ID=0x731f)
    Vendor:   
    VRAM:     8151 MB
    Driver:   30.0.15002.1004
Initialize mono
Mono path[0] = 'C:/Program Files/Unity/Hub/Editor/2020.3.25f1/Editor/Data/Managed'
Mono path[1] = 'C:/Program Files/Unity/Hub/Editor/2020.3.25f1/Editor/Data/MonoBleedingEdge/lib/mono/unityjit'
Mono config path = 'C:/Program Files/Unity/Hub/Editor/2020.3.25f1/Editor/Data/MonoBleedingEdge/etc'
Using monoOptions --debugger-agent=transport=dt_socket,embedding=1,server=y,suspend=n,address=127.0.0.1:56284
Begin MonoManager ReloadAssembly
Registering precompiled unity dll's ...
Register platform support module: C:/Program Files/Unity/Hub/Editor/2020.3.25f1/Editor/Data/PlaybackEngines/MacStandaloneSupport/UnityEditor.OSXStandalone.Extensions.dll
Register platform support module: C:/Program Files/Unity/Hub/Editor/2020.3.25f1/Editor/Data/PlaybackEngines/WindowsStandaloneSupport/UnityEditor.WindowsStandalone.Extensions.dll
Registered in 0.003387 seconds.
Native extension for WindowsStandalone target not found
Native extension for OSXStandalone target not found
Refreshing native plugins compatible for Editor in 68.64 ms, found 3 plugins.
Preloading 0 native plugins for Editor in 0.00 ms.
Mono: successfully reloaded assembly
- Completed reload, in  0.696 seconds
Domain Reload Profiling:
	ReloadAssembly (696ms)
		BeginReloadAssembly (66ms)
			ExecutionOrderSort (0ms)
			DisableScriptedObjects (0ms)
			BackupInstance (0ms)
			ReleaseScriptingObjects (0ms)
			CreateAndSetChildDomain (1ms)
		EndReloadAssembly (467ms)
			LoadAssemblies (64ms)
			RebuildTransferFunctionScriptingTraits (0ms)
			SetupTypeCache (153ms)
			ReleaseScriptCaches (0ms)
			RebuildScriptCaches (33ms)
			SetupLoadedEditorAssemblies (187ms)
				LogAssemblyErrors (0ms)
				InitializePlatformSupportModulesInManaged (5ms)
				SetLoadedEditorAssemblies (0ms)
				RefreshPlugins (69ms)
				BeforeProcessingInitializeOnLoad (14ms)
				ProcessInitializeOnLoadAttributes (76ms)
				ProcessInitializeOnLoadMethodAttributes (23ms)
				AfterProcessingInitializeOnLoad (0ms)
				EditorAssembliesLoaded (0ms)
			ExecutionOrderSort2 (0ms)
			AwakeInstancesAfterBackupRestoration (0ms)
Platform modules already initialized, skipping
Registering precompiled user dll's ...
Registered in 0.009689 seconds.
Begin MonoManager ReloadAssembly
Native extension for WindowsStandalone target not found
Native extension for OSXStandalone target not found
Refreshing native plugins compatible for Editor in 76.83 ms, found 3 plugins.
Preloading 0 native plugins for Editor in 0.00 ms.
Mono: successfully reloaded assembly
- Completed reload, in  1.335 seconds
Domain Reload Profiling:
	ReloadAssembly (1336ms)
		BeginReloadAssembly (138ms)
			ExecutionOrderSort (0ms)
			DisableScriptedObjects (4ms)
			BackupInstance (0ms)
			ReleaseScriptingObjects (0ms)
			CreateAndSetChildDomain (20ms)
		EndReloadAssembly (1124ms)
			LoadAssemblies (104ms)
			RebuildTransferFunctionScriptingTraits (0ms)
			SetupTypeCache (362ms)
			ReleaseScriptCaches (1ms)
			RebuildScriptCaches (67ms)
			SetupLoadedEditorAssemblies (470ms)
				LogAssemblyErrors (0ms)
				InitializePlatformSupportModulesInManaged (5ms)
				SetLoadedEditorAssemblies (0ms)
				RefreshPlugins (77ms)
				BeforeProcessingInitializeOnLoad (101ms)
				ProcessInitializeOnLoadAttributes (262ms)
				ProcessInitializeOnLoadMethodAttributes (18ms)
				AfterProcessingInitializeOnLoad (8ms)
				EditorAssembliesLoaded (0ms)
			ExecutionOrderSort2 (0ms)
			AwakeInstancesAfterBackupRestoration (6ms)
Platform modules already initialized, skipping
========================================================================
Worker process is ready to serve import requests
Launched and connected shader compiler UnityShaderCompiler.exe after 0.05 seconds
Refreshing native plugins compatible for Editor in 0.94 ms, found 3 plugins.
Preloading 0 native plugins for Editor in 0.00 ms.
Unloading 2676 Unused Serialized files (Serialized files now loaded: 0)
System memory in use before: 122.0 MB.
System memory in use after: 122.2 MB.

Unloading 41 unused Assets to reduce memory usage. Loaded Objects now: 3113.
Total: 3.688400 ms (FindLiveObjects: 0.316500 ms CreateObjectMapping: 0.072500 ms MarkObjects: 3.190400 ms  DeleteObjects: 0.107500 ms)

AssetImportParameters requested are different than current active one (requested -> active):
  custom:framework-win-MediaFoundation: 216162199b28c13a410421893ffa2e32 -> 
  custom:video-decoder-ogg-theora: a1e56fd34408186e4bbccfd4996cb3dc -> 
  custom:container-muxer-webm: aa71ff27fc2769a1b78a27578f13a17b -> 
  custom:container-demuxer-webm: 4f35f7cbe854078d1ac9338744f61a02 -> 
  custom:container-demuxer-ogg: 62fdf1f143b41e24485cea50d1cbac27 -> 
  custom:video-encoder-webm-vp8: eb34c28f22e8b96e1ab97ce403110664 -> 
  custom:video-decoder-webm-vp8: 9c59270c3fd7afecdb556c50c9e8de78 -> 
  custom:audio-decoder-ogg-vorbis: bf7c407c2cedff20999df2af8eb42d56 -> 
  custom:audio-encoder-webm-vorbis: bf7c407c2cedff20999df2af8eb42d56 -> 
========================================================================
Received Import Request.
  path: Assets/Scenes/TrackTests/TrainAI.unity
  artifactKey: Guid(ea0002467969730478dc5d518af17364) Importer(815301076,1909f56bfc062723c751e8b465ee728b)
Start importing Assets/Scenes/TrackTests/TrainAI.unity using Guid(ea0002467969730478dc5d518af17364) Importer(815301076,1909f56bfc062723c751e8b465ee728b)  -> (artifact id: 'dba8f23cd3f5b0ac7bf494405252312e') in 0.023846 seconds 
  Import took 0.028952 seconds .

========================================================================
Received Import Request.
  Time since last request: 43.469241 seconds.
  path: Assets/Scenes/TrackTests/Track1.unity
  artifactKey: Guid(23320867e2de20a4295546411e6df76a) Importer(815301076,1909f56bfc062723c751e8b465ee728b)
Start importing Assets/Scenes/TrackTests/Track1.unity using Guid(23320867e2de20a4295546411e6df76a) Importer(815301076,1909f56bfc062723c751e8b465ee728b)  -> (artifact id: '87b6ad1eecbc5cb74fe4246e34622253') in 0.009028 seconds 
  Import took 0.013532 seconds .

========================================================================
Received Import Request.
  Time since last request: 8.802631 seconds.
  path: Assets/Scenes/TrackTests/Track4.unity
  artifactKey: Guid(49b86466816a81f4eb3fed8b9b3cec3d) Importer(815301076,1909f56bfc062723c751e8b465ee728b)
Start importing Assets/Scenes/TrackTests/Track4.unity using Guid(49b86466816a81f4eb3fed8b9b3cec3d) Importer(815301076,1909f56bfc062723c751e8b465ee728b)  -> (artifact id: '99dbed80dd2ce7e4adac2c06b7ee5c12') in 0.008556 seconds 
  Import took 0.012814 seconds .

========================================================================
Received Import Request.
  Time since last request: 9.739660 seconds.
  path: Assets/Scenes/TrackTests/TrackMechanicTesting.unity
  artifactKey: Guid(1b23c7178c828f84b8cb7e504c567089) Importer(815301076,1909f56bfc062723c751e8b465ee728b)
Start importing Assets/Scenes/TrackTests/TrackMechanicTesting.unity using Guid(1b23c7178c828f84b8cb7e504c567089) Importer(815301076,1909f56bfc062723c751e8b465ee728b)  -> (artifact id: '70a1256cf3420adc999a3f6a3371a9f3') in 0.008724 seconds 
  Import took 0.013218 seconds .

========================================================================
Received Import Request.
  Time since last request: 12.225389 seconds.
  path: Assets/Scenes/Track1.unity
  artifactKey: Guid(9ccfa836f9d7a264998a1f9c4c21bbca) Importer(815301076,1909f56bfc062723c751e8b465ee728b)
Start importing Assets/Scenes/Track1.unity using Guid(9ccfa836f9d7a264998a1f9c4c21bbca) Importer(815301076,1909f56bfc062723c751e8b465ee728b)  -> (artifact id: '89e6f1bd65241a5b725bfd6c80547fb4') in 0.004119 seconds 
  Import took 0.008532 seconds .

========================================================================
Received Import Request.
  Time since last request: 2.893935 seconds.
  path: Assets/Scenes/TrackTests
  artifactKey: Guid(b4486309613ca724a9f9042136f95c92) Importer(815301076,1909f56bfc062723c751e8b465ee728b)
Start importing Assets/Scenes/TrackTests using Guid(b4486309613ca724a9f9042136f95c92) Importer(815301076,1909f56bfc062723c751e8b465ee728b)  -> (artifact id: '4d30709585a7c2a59458aa9f8dbd8896') in 0.008256 seconds 
  Import took 0.012678 seconds .

AssetImportWorkerClient::OnTransportError - code=2 error=End of file
